[0m19:50:30.748413 [debug] [MainThread]: Sending event: {'category': 'dbt', 'action': 'invocation', 'label': 'start', 'context': [<snowplow_tracker.self_describing_json.SelfDescribingJson object at 0x0000020931EFB890>, <snowplow_tracker.self_describing_json.SelfDescribingJson object at 0x0000020931C7DDD0>, <snowplow_tracker.self_describing_json.SelfDescribingJson object at 0x0000020931EF8090>]}


============================== 19:50:30.753895 | 514dc795-b7e3-4071-9a97-1a26610d39e6 ==============================
[0m19:50:30.753895 [info ] [MainThread]: Running with dbt=1.8.0
[0m19:50:30.754895 [debug] [MainThread]: running dbt with arguments {'printer_width': '80', 'indirect_selection': 'eager', 'write_json': 'True', 'log_cache_events': 'False', 'partial_parse': 'True', 'cache_selected_only': 'False', 'warn_error': 'None', 'version_check': 'True', 'profiles_dir': 'C:\\Users\\sawan\\.dbt', 'log_path': 'logs', 'debug': 'False', 'fail_fast': 'False', 'use_colors': 'True', 'use_experimental_parser': 'False', 'no_print': 'None', 'quiet': 'False', 'warn_error_options': 'WarnErrorOptions(include=[], exclude=[])', 'invocation_command': 'dbt init', 'static_parser': 'True', 'introspect': 'True', 'target_path': 'None', 'log_format': 'default', 'send_anonymous_usage_stats': 'True'}
[0m19:51:24.224037 [debug] [MainThread]: Starter project path: d:\elt-with-gcp-airflow\dbt_venv\Lib\site-packages\dbt\include\starter_project
[0m19:51:24.331096 [info ] [MainThread]: 
Your new dbt project "elt_global_disease" was created!

For more information on how to configure the profiles.yml file,
please consult the dbt documentation here:

  https://docs.getdbt.com/docs/configure-your-profile

One more thing:

Need help? Don't hesitate to reach out to us via GitHub issues or on Slack:

  https://community.getdbt.com/

Happy modeling!

[0m19:51:24.334258 [info ] [MainThread]: Setting up your profile.
[0m19:54:33.708198 [info ] [MainThread]: Profile elt_global_disease written to C:\Users\sawan\.dbt\profiles.yml using target's profile_template.yml and your supplied values. Run 'dbt debug' to validate the connection.
[0m19:54:33.713195 [debug] [MainThread]: Command `dbt init` succeeded at 19:54:33.713195 after 243.02 seconds
[0m19:54:33.714266 [debug] [MainThread]: Sending event: {'category': 'dbt', 'action': 'invocation', 'label': 'end', 'context': [<snowplow_tracker.self_describing_json.SelfDescribingJson object at 0x000002094BCB1CD0>, <snowplow_tracker.self_describing_json.SelfDescribingJson object at 0x000002092BC19690>, <snowplow_tracker.self_describing_json.SelfDescribingJson object at 0x000002092B98B350>]}
[0m19:54:33.714829 [debug] [MainThread]: Flushing usage events
[0m19:56:46.287253 [debug] [MainThread]: Sending event: {'category': 'dbt', 'action': 'invocation', 'label': 'start', 'context': [<snowplow_tracker.self_describing_json.SelfDescribingJson object at 0x0000020CC01F1D50>, <snowplow_tracker.self_describing_json.SelfDescribingJson object at 0x0000020CBF0E1850>, <snowplow_tracker.self_describing_json.SelfDescribingJson object at 0x0000020CC022FA90>]}


============================== 19:56:46.292235 | 94136884-0e12-4708-968c-1e22bedcab53 ==============================
[0m19:56:46.292235 [info ] [MainThread]: Running with dbt=1.8.0
[0m19:56:46.294214 [debug] [MainThread]: running dbt with arguments {'printer_width': '80', 'indirect_selection': 'eager', 'write_json': 'True', 'log_cache_events': 'False', 'partial_parse': 'True', 'cache_selected_only': 'False', 'profiles_dir': 'C:\\Users\\sawan\\.dbt', 'fail_fast': 'False', 'warn_error': 'None', 'log_path': 'logs', 'version_check': 'True', 'debug': 'False', 'use_colors': 'True', 'use_experimental_parser': 'False', 'no_print': 'None', 'quiet': 'False', 'warn_error_options': 'WarnErrorOptions(include=[], exclude=[])', 'introspect': 'True', 'log_format': 'default', 'static_parser': 'True', 'target_path': 'None', 'invocation_command': 'dbt debug', 'send_anonymous_usage_stats': 'True'}
[0m19:56:46.316332 [info ] [MainThread]: dbt version: 1.8.0
[0m19:56:46.318335 [info ] [MainThread]: python version: 3.11.8
[0m19:56:46.319333 [info ] [MainThread]: python path: d:\elt-with-gcp-airflow\dbt_venv\Scripts\python.exe
[0m19:56:46.319333 [info ] [MainThread]: os info: Windows-10-10.0.22631-SP0
[0m19:56:47.529572 [info ] [MainThread]: Using profiles dir at C:\Users\sawan\.dbt
[0m19:56:47.530555 [info ] [MainThread]: Using profiles.yml file at C:\Users\sawan\.dbt\profiles.yml
[0m19:56:47.531584 [info ] [MainThread]: Using dbt_project.yml file at D:\elt-with-gcp-airflow\dbt_project.yml
[0m19:56:47.532571 [info ] [MainThread]: adapter type: bigquery
[0m19:56:47.533571 [info ] [MainThread]: adapter version: 1.9.1
[0m19:56:47.533971 [info ] [MainThread]: Configuration:
[0m19:56:47.534976 [info ] [MainThread]:   profiles.yml file [[32mOK found and valid[0m]
[0m19:56:47.536021 [info ] [MainThread]:   dbt_project.yml file [[31mERROR not found[0m]
[0m19:56:47.536021 [info ] [MainThread]: Required dependencies:
[0m19:56:47.536988 [debug] [MainThread]: Executing "git --help"
[0m19:56:47.581224 [debug] [MainThread]: STDOUT: "b"usage: git [-v | --version] [-h | --help] [-C <path>] [-c <name>=<value>]\n           [--exec-path[=<path>]] [--html-path] [--man-path] [--info-path]\n           [-p | --paginate | -P | --no-pager] [--no-replace-objects] [--bare]\n           [--git-dir=<path>] [--work-tree=<path>] [--namespace=<name>]\n           [--super-prefix=<path>] [--config-env=<name>=<envvar>]\n           <command> [<args>]\n\nThese are common Git commands used in various situations:\n\nstart a working area (see also: git help tutorial)\n   clone     Clone a repository into a new directory\n   init      Create an empty Git repository or reinitialize an existing one\n\nwork on the current change (see also: git help everyday)\n   add       Add file contents to the index\n   mv        Move or rename a file, a directory, or a symlink\n   restore   Restore working tree files\n   rm        Remove files from the working tree and from the index\n\nexamine the history and state (see also: git help revisions)\n   bisect    Use binary search to find the commit that introduced a bug\n   diff      Show changes between commits, commit and working tree, etc\n   grep      Print lines matching a pattern\n   log       Show commit logs\n   show      Show various types of objects\n   status    Show the working tree status\n\ngrow, mark and tweak your common history\n   branch    List, create, or delete branches\n   commit    Record changes to the repository\n   merge     Join two or more development histories together\n   rebase    Reapply commits on top of another base tip\n   reset     Reset current HEAD to the specified state\n   switch    Switch branches\n   tag       Create, list, delete or verify a tag object signed with GPG\n\ncollaborate (see also: git help workflows)\n   fetch     Download objects and refs from another repository\n   pull      Fetch from and integrate with another repository or a local branch\n   push      Update remote refs along with associated objects\n\n'git help -a' and 'git help -g' list available subcommands and some\nconcept guides. See 'git help <command>' or 'git help <concept>'\nto read about a specific subcommand or concept.\nSee 'git help git' for an overview of the system.\n""
[0m19:56:47.582204 [debug] [MainThread]: STDERR: "b''"
[0m19:56:47.582204 [info ] [MainThread]:  - git [[32mOK found[0m]

[0m19:56:47.583214 [info ] [MainThread]: Connection:
[0m19:56:47.584265 [info ] [MainThread]:   method: oauth
[0m19:56:47.585245 [info ] [MainThread]:   database: medical-treatment-analysis
[0m19:56:47.585245 [info ] [MainThread]:   execution_project: medical-treatment-analysis
[0m19:56:47.586286 [info ] [MainThread]:   schema: staging_dataset
[0m19:56:47.587206 [info ] [MainThread]:   location: US
[0m19:56:47.587685 [info ] [MainThread]:   priority: interactive
[0m19:56:47.588694 [info ] [MainThread]:   maximum_bytes_billed: None
[0m19:56:47.588694 [info ] [MainThread]:   impersonate_service_account: None
[0m19:56:47.589693 [info ] [MainThread]:   job_retry_deadline_seconds: None
[0m19:56:47.590697 [info ] [MainThread]:   job_retries: 1
[0m19:56:47.590886 [info ] [MainThread]:   job_creation_timeout_seconds: None
[0m19:56:47.591391 [info ] [MainThread]:   job_execution_timeout_seconds: 300
[0m19:56:47.592396 [info ] [MainThread]:   timeout_seconds: 300
[0m19:56:47.592396 [info ] [MainThread]:   client_id: None
[0m19:56:47.593395 [info ] [MainThread]:   token_uri: None
[0m19:56:47.594398 [info ] [MainThread]:   dataproc_region: None
[0m19:56:47.595399 [info ] [MainThread]:   dataproc_cluster_name: None
[0m19:56:47.596397 [info ] [MainThread]:   gcs_bucket: None
[0m19:56:47.597397 [info ] [MainThread]:   dataproc_batch: None
[0m19:56:47.598397 [info ] [MainThread]: Registered adapter: bigquery=1.9.1
[0m19:56:47.849310 [debug] [MainThread]: Acquiring new bigquery connection 'debug'
[0m19:56:47.849310 [debug] [MainThread]: On debug: select 1 as id
[0m19:56:47.850311 [debug] [MainThread]: Opening a new connection, currently in state init
[0m19:56:50.993186 [debug] [MainThread]: BigQuery adapter: Got an error when attempting to create a bigquery " "client: 'Runtime Error
  Failed to authenticate with supplied credentials
  error:
  Your default credentials were not found. To set up Application Default Credentials, see https://cloud.google.com/docs/authentication/external/set-up-adc for more information.'
[0m19:56:50.994018 [debug] [MainThread]: BigQuery adapter: Unhandled error while running:
select 1 as id
[0m19:56:50.996016 [debug] [MainThread]: BigQuery adapter: Database Error
  Runtime Error
    Failed to authenticate with supplied credentials
    error:
    Your default credentials were not found. To set up Application Default Credentials, see https://cloud.google.com/docs/authentication/external/set-up-adc for more information.
[0m19:56:50.997014 [info ] [MainThread]:   Connection test: [[31mERROR[0m]

[0m19:56:50.998016 [info ] [MainThread]: [31m2 checks failed:[0m
[0m19:56:50.999015 [info ] [MainThread]: Project loading failed for the following reason:
 project path <D:\elt-with-gcp-airflow\dbt_project.yml> not found

[0m19:56:50.999573 [info ] [MainThread]: dbt was unable to connect to the specified database.
The database returned the following error:

  >'NoneType' object has no attribute 'close'

Check your database credentials and try again. For more information, visit:
https://docs.getdbt.com/docs/configure-your-profile


[0m19:56:51.001443 [debug] [MainThread]: Command `dbt debug` failed at 19:56:51.001443 after 4.77 seconds
[0m19:56:51.001443 [debug] [MainThread]: Sending event: {'category': 'dbt', 'action': 'invocation', 'label': 'end', 'context': [<snowplow_tracker.self_describing_json.SelfDescribingJson object at 0x0000020CC01EAF10>, <snowplow_tracker.self_describing_json.SelfDescribingJson object at 0x0000020CC024FD10>, <snowplow_tracker.self_describing_json.SelfDescribingJson object at 0x0000020CC024FE90>]}
[0m19:56:51.002443 [debug] [MainThread]: Flushing usage events
[0m20:29:18.062122 [debug] [MainThread]: Sending event: {'category': 'dbt', 'action': 'invocation', 'label': 'start', 'context': [<snowplow_tracker.self_describing_json.SelfDescribingJson object at 0x0000017F0E461650>, <snowplow_tracker.self_describing_json.SelfDescribingJson object at 0x0000017F0E47B790>, <snowplow_tracker.self_describing_json.SelfDescribingJson object at 0x0000017F0E47B6D0>]}


============================== 20:29:18.068518 | d511a0a0-a69e-4d62-b1e3-4c0a4532f126 ==============================
[0m20:29:18.068518 [info ] [MainThread]: Running with dbt=1.8.0
[0m20:29:18.069724 [debug] [MainThread]: running dbt with arguments {'printer_width': '80', 'indirect_selection': 'eager', 'write_json': 'True', 'log_cache_events': 'False', 'partial_parse': 'True', 'cache_selected_only': 'False', 'profiles_dir': 'C:\\Users\\sawan\\.dbt', 'version_check': 'True', 'warn_error': 'None', 'log_path': 'logs', 'debug': 'False', 'fail_fast': 'False', 'use_colors': 'True', 'use_experimental_parser': 'False', 'no_print': 'None', 'quiet': 'False', 'warn_error_options': 'WarnErrorOptions(include=[], exclude=[])', 'static_parser': 'True', 'log_format': 'default', 'introspect': 'True', 'target_path': 'None', 'invocation_command': 'dbt init', 'send_anonymous_usage_stats': 'True'}
[0m20:29:34.692099 [debug] [MainThread]: Starter project path: d:\elt-with-gcp-airflow\dbt_venv\Lib\site-packages\dbt\include\starter_project
[0m20:29:34.728667 [info ] [MainThread]: 
Your new dbt project "elt_medical_data" was created!

For more information on how to configure the profiles.yml file,
please consult the dbt documentation here:

  https://docs.getdbt.com/docs/configure-your-profile

One more thing:

Need help? Don't hesitate to reach out to us via GitHub issues or on Slack:

  https://community.getdbt.com/

Happy modeling!

[0m20:29:34.729691 [info ] [MainThread]: Setting up your profile.
[0m20:32:07.898930 [info ] [MainThread]: Profile elt_medical_data written to C:\Users\sawan\.dbt\profiles.yml using target's profile_template.yml and your supplied values. Run 'dbt debug' to validate the connection.
[0m20:32:07.901110 [debug] [MainThread]: Command `dbt init` succeeded at 20:32:07.901110 after 169.91 seconds
[0m20:32:07.902125 [debug] [MainThread]: Sending event: {'category': 'dbt', 'action': 'invocation', 'label': 'end', 'context': [<snowplow_tracker.self_describing_json.SelfDescribingJson object at 0x0000017F0E48FF50>, <snowplow_tracker.self_describing_json.SelfDescribingJson object at 0x0000017F271D9F50>, <snowplow_tracker.self_describing_json.SelfDescribingJson object at 0x0000017F07EFB2D0>]}
[0m20:32:07.902125 [debug] [MainThread]: Flushing usage events
